<?xml version="1.0" encoding="UTF-8"?>
<testsuite name="TestSuite" tests="5" skipped="0" failures="0" errors="0" timestamp="2019-10-30T06:10:03" hostname="MacBook-Air" time="29.323">
  <properties/>
  <testcase name="testRowUpdate()" classname="TestSuite" time="0.982"/>
  <testcase name="testLondonRecords()" classname="TestSuite" time="1.227"/>
  <testcase name="testPersonsAddress()" classname="TestSuite" time="1.249"/>
  <testcase name="testAddRecord()" classname="TestSuite" time="1.296"/>
  <testcase name="testTableDropping()" classname="TestSuite" time="12.644"/>
  <system-out><![CDATA[09:09:46.055 [ForkJoinPool-1-worker-3] DEBUG io.github.bonigarcia.wdm.Preferences - Preference chrome=75 (valid until 2019-10-30 21:10:54)
09:09:46.067 [ForkJoinPool-1-worker-3] DEBUG io.github.bonigarcia.wdm.Preferences - Preference chrome75=75.0.3770.140 (valid until 2019-10-30 21:10:54)
09:09:46.067 [ForkJoinPool-1-worker-3] INFO io.github.bonigarcia.wdm.WebDriverManager - Using chromedriver 75.0.3770.140 (since Google Chrome 75 is installed in your machine)
09:09:46.138 [ForkJoinPool-1-worker-3] DEBUG io.github.bonigarcia.wdm.WebDriverManager - Driver chromedriver 75.0.3770.140 found in cache
09:09:46.150 [ForkJoinPool-1-worker-3] INFO io.github.bonigarcia.wdm.WebDriverManager - Exporting webdriver.chrome.driver as /Users/erolatex/.m2/repository/webdriver/chromedriver/mac64/75.0.3770.140/chromedriver
]]></system-out>
  <system-err><![CDATA[Starting ChromeDriver 75.0.3770.140 (2d9f97485c7b07dc18a74666574f19176731995c-refs/branch-heads/3770@{#1155}) on port 15556
Only local connections are allowed.
Please protect ports used by ChromeDriver and related test frameworks to prevent access by malicious code.
Oct 30, 2019 9:09:50 AM org.openqa.selenium.remote.ProtocolHandshake createSession
INFO: Detected dialect: W3C
Starting ChromeDriver 75.0.3770.140 (2d9f97485c7b07dc18a74666574f19176731995c-refs/branch-heads/3770@{#1155}) on port 21077
Only local connections are allowed.
Please protect ports used by ChromeDriver and related test frameworks to prevent access by malicious code.
Oct 30, 2019 9:10:06 AM org.openqa.selenium.remote.ProtocolHandshake createSession
INFO: Detected dialect: W3C
Starting ChromeDriver 75.0.3770.140 (2d9f97485c7b07dc18a74666574f19176731995c-refs/branch-heads/3770@{#1155}) on port 9905
Only local connections are allowed.
Please protect ports used by ChromeDriver and related test frameworks to prevent access by malicious code.
Oct 30, 2019 9:10:10 AM org.openqa.selenium.remote.ProtocolHandshake createSession
INFO: Detected dialect: W3C
Starting ChromeDriver 75.0.3770.140 (2d9f97485c7b07dc18a74666574f19176731995c-refs/branch-heads/3770@{#1155}) on port 24896
Only local connections are allowed.
Please protect ports used by ChromeDriver and related test frameworks to prevent access by malicious code.
Oct 30, 2019 9:10:14 AM org.openqa.selenium.remote.ProtocolHandshake createSession
INFO: Detected dialect: W3C
Starting ChromeDriver 75.0.3770.140 (2d9f97485c7b07dc18a74666574f19176731995c-refs/branch-heads/3770@{#1155}) on port 37849
Only local connections are allowed.
Please protect ports used by ChromeDriver and related test frameworks to prevent access by malicious code.
Oct 30, 2019 9:10:18 AM org.openqa.selenium.remote.ProtocolHandshake createSession
INFO: Detected dialect: W3C
]]></system-err>
</testsuite>
